--------------------
2018-06-22 21:25:45 - Exception on message: <karelia.Packet object at 0x7f3a798bac18>:
Traceback (most recent call last):
  File "example.py", line 24, in <module>
    bot.parse()
  File "/home/struan/python/karelia/karelia.py", line 230, in parse
    incoming = self.conn.recv()
  File "/home/struan/.local/share/virtualenvs/karelia-584Ix-7Y/lib/python3.6/site-packages/websocket/_core.py", line 300, in recv
    opcode, data = self.recv_data()
  File "/home/struan/.local/share/virtualenvs/karelia-584Ix-7Y/lib/python3.6/site-packages/websocket/_core.py", line 317, in recv_data
    opcode, frame = self.recv_data_frame(control_frame)
  File "/home/struan/.local/share/virtualenvs/karelia-584Ix-7Y/lib/python3.6/site-packages/websocket/_core.py", line 330, in recv_data_frame
    frame = self.recv_frame()
  File "/home/struan/.local/share/virtualenvs/karelia-584Ix-7Y/lib/python3.6/site-packages/websocket/_core.py", line 364, in recv_frame
    return self.frame_buffer.recv_frame()
  File "/home/struan/.local/share/virtualenvs/karelia-584Ix-7Y/lib/python3.6/site-packages/websocket/_abnf.py", line 361, in recv_frame
    self.recv_header()
  File "/home/struan/.local/share/virtualenvs/karelia-584Ix-7Y/lib/python3.6/site-packages/websocket/_abnf.py", line 309, in recv_header
    header = self.recv_strict(2)
  File "/home/struan/.local/share/virtualenvs/karelia-584Ix-7Y/lib/python3.6/site-packages/websocket/_abnf.py", line 396, in recv_strict
    bytes_ = self.recv(min(16384, shortage))
  File "/home/struan/.local/share/virtualenvs/karelia-584Ix-7Y/lib/python3.6/site-packages/websocket/_core.py", line 434, in _recv
    return recv(self.sock, bufsize)
  File "/home/struan/.local/share/virtualenvs/karelia-584Ix-7Y/lib/python3.6/site-packages/websocket/_socket.py", line 81, in recv
    bytes_ = sock.recv(bufsize)
  File "/usr/lib64/python3.6/ssl.py", line 994, in recv
    return self.read(buflen)
  File "/usr/lib64/python3.6/ssl.py", line 871, in read
    return self._sslobj.read(len, buffer)
  File "/usr/lib64/python3.6/ssl.py", line 633, in read
    v = self._sslobj.read(len)
KeyboardInterrupt


